mktextfm Optima
mktextfm Optima
mktextfm Optima
mktextfm Optima/BI
mktextfm Optima
mktextfm Optima/B
mktextfm Optima
mktextfm Optima/I
mktextfm Optima
mktextfm Optima
mktextfm Optima
mktextfm Optima
mktextfm Optima
mktextfm Optima
mktextfm Optima
mktextfm Optima
mktextfm Optima
mktextfm Optima
mktextfm Optima
mktextfm Optima
mktextfm Optima
mktextfm Optima
mktextfm Optima
mktextfm Optima
mktextfm Optima
mktextfm Optima/BI
mktextfm Optima
mktextfm Optima/B
mktextfm Optima
mktextfm Optima/I
mktextfm Optima
mktextfm Optima
mktextfm Optima
mktextfm Optima
mktextfm Optima
mktextfm Optima
mktextfm Optima
mktextfm Optima
mktextfm Optima
mktextfm Optima
mktextfm Optima
mktextfm Optima
mktextfm Optima
mktextfm Optima
mktextfm courier
mktextfm courier
mktextfm courier
mktextfm courier/BI
mktextfm courier
mktextfm courier/B
mktextfm courier
mktextfm courier/I
mktextfm courier
mktextfm courier
mktextfm courier
mktextfm courier
mktextfm courier
mktextfm courier
mktextfm courier/BI
mktextfm courier
mktextfm courier/B
mktextfm courier
mktextfm courier/I
mktextfm courier
mktextfm courier
mktextfm courier
mktextfm Courier
mktextfm Courier
mktextfm Courier
mktextfm Courier/BI
mktextfm Courier
mktextfm Courier/B
mktextfm Courier
mktextfm Courier/I
mktextfm Courier
mktextfm Courier
mktextfm Courier
mktextfm Courier
mktextfm Courier
mktextfm Courier
mktextfm Courier/BI
mktextfm Courier
mktextfm Courier/B
mktextfm Courier
mktextfm Courier/I
mktextfm Courier
mktextfm Courier
mktextfm Courier
mktextfm Courier
mktextfm Courier
mktextfm Courier
mktextfm Courier/BI
mktextfm Courier
mktextfm Courier/B
mktextfm Courier
mktextfm Courier/I
mktextfm Courier
mktextfm Courier
mktextfm Courier
mktextfm Courier
mktextfm Courier
mktextfm Courier
mktextfm Courier/BI
mktextfm Courier
mktextfm Courier/B
mktextfm Courier
mktextfm Courier/I
mktextfm Courier
mktextfm Courier
mktextfm Courier
